#
# There is insufficient memory for the Java Runtime Environment to continue.
# Native memory allocation (malloc) failed to allocate 1036496 bytes for Chunk::new
# Possible reasons:
#   The system is out of physical RAM or swap space
#   In 32 bit mode, the process size limit was hit
# Possible solutions:
#   Reduce memory load on the system
#   Increase physical memory or swap space
#   Check if swap backing store is full
#   Use 64 bit Java on a 64 bit OS
#   Decrease Java heap size (-Xmx/-Xms)
#   Decrease number of Java threads
#   Decrease Java thread stack sizes (-Xss)
#   Set larger code cache with -XX:ReservedCodeCacheSize=
# This output file may be truncated or incomplete.
#
#  Out of Memory Error (allocation.cpp:390), pid=3444, tid=0x00000000000010a0
#
# JRE version: OpenJDK Runtime Environment (8.0_152-b01) (build 1.8.0_152-release-915-b01)
# Java VM: OpenJDK 64-Bit Server VM (25.152-b01 mixed mode windows-amd64 compressed oops)
# Failed to write core dump. Minidumps are not enabled by default on client versions of Windows
#

---------------  T H R E A D  ---------------

Current thread (0x000000005618c000):  JavaThread "C2 CompilerThread0" daemon [_thread_in_native, id=4256, stack(0x0000000057530000,0x0000000057630000)]

Stack: [0x0000000057530000,0x0000000057630000]
[error occurred during error reporting (printing stack bounds), id 0xc0000005]

Native frames: (J=compiled Java code, j=interpreted, Vv=VM code, C=native code)


Current CompileTask:
C2:4455804 20629   !   4       com.android.dx.cf.code.RopperMachine::run (1608 bytes)


---------------  P R O C E S S  ---------------

Java Threads: ( => current thread )
  0x000000005fadb800 JavaThread "ForkJoinPool.commonPool-worker-1" daemon [_thread_in_Java, id=5324, stack(0x00000000572c0000,0x00000000573c0000)]
  0x000000005fad9800 JavaThread "ForkJoinPool.commonPool-worker-0" daemon [_thread_in_vm, id=4340, stack(0x00000000629b0000,0x0000000062ab0000)]
  0x000000005fad6800 JavaThread "Cache worker for Java compile cache (C:\Users\Administrator\AndroidStudioProjects\BBTool\.gradle\4.1\javaCompile)" [_thread_blocked, id=2756, stack(0x0000000062100000,0x0000000062200000)]
  0x000000005b0cc000 JavaThread "Task worker for ':'" [_thread_blocked, id=540, stack(0x0000000061ef0000,0x0000000061ff0000)]
  0x000000005b0cb800 JavaThread "Cache worker for task history cache (C:\Users\Administrator\AndroidStudioProjects\BBTool\.gradle\4.1\taskHistory)" [_thread_blocked, id=1520, stack(0x0000000061130000,0x0000000061230000)]
  0x000000005b0c4000 JavaThread "Cache worker for file content cache (C:\Users\Administrator\AndroidStudioProjects\BBTool\.gradle\4.1\fileContent)" [_thread_blocked, id=3736, stack(0x00000000612d0000,0x00000000613d0000)]
  0x000000005b0ca000 JavaThread "build operations Thread 2" [_thread_blocked, id=5628, stack(0x0000000060580000,0x0000000060680000)]
  0x000000005b0ca800 JavaThread "build operations" [_thread_blocked, id=4108, stack(0x000000005ee40000,0x000000005ef40000)]
  0x000000005b0c2800 JavaThread "Cache worker for Artifact transforms cache (C:\Users\Administrator\.gradle\caches\transforms-1)" [_thread_blocked, id=3392, stack(0x00000000599b0000,0x0000000059ab0000)]
  0x000000005b0c7000 JavaThread "Cache worker for file hash cache (C:\Users\Administrator\AndroidStudioProjects\BBTool\.gradle\4.1\fileHashes)" [_thread_blocked, id=6020, stack(0x000000005a260000,0x000000005a360000)]
  0x000000005b0c9000 JavaThread "Stdin handler" [_thread_blocked, id=5828, stack(0x000000005e070000,0x000000005e170000)]
  0x000000005b0c6000 JavaThread "Asynchronous log dispatcher for DefaultDaemonConnection: socket connection from /127.0.0.1:51375 to /127.0.0.1:52315" [_thread_blocked, id=1960, stack(0x000000005df00000,0x000000005e000000)]
  0x000000005b0c1000 JavaThread "Daemon worker Thread 10" [_thread_blocked, id=4100, stack(0x000000005b7b0000,0x000000005b8b0000)]
  0x000000005b0c3000 JavaThread "Cancel handler" [_thread_blocked, id=7164, stack(0x000000005d2c0000,0x000000005d3c0000)]
  0x000000005b0be000 JavaThread "Handler for socket connection from /127.0.0.1:51375 to /127.0.0.1:52315" [_thread_in_native, id=4596, stack(0x000000005a160000,0x000000005a260000)]
  0x000000005b0c1800 JavaThread "Daemon Thread 10" [_thread_blocked, id=5544, stack(0x0000000059d50000,0x0000000059e50000)]
  0x000000005fadc800 JavaThread "Java2D Disposer" daemon [_thread_blocked, id=5024, stack(0x0000000062ab0000,0x0000000062bb0000)]
  0x000000005b0bf800 JavaThread "Memory manager" [_thread_blocked, id=4156, stack(0x000000005e6e0000,0x000000005e7e0000)]
  0x0000000058b26000 JavaThread "File lock request listener" [_thread_in_native, id=3880, stack(0x000000005a5c0000,0x000000005a6c0000)]
  0x0000000058df7000 JavaThread "Cache worker for file hash cache (C:\Users\Administrator\.gradle\caches\4.1\fileHashes)" [_thread_blocked, id=6836, stack(0x000000005a6c0000,0x000000005a7c0000)]
  0x000000005802a800 JavaThread "Daemon periodic checks" [_thread_blocked, id=5280, stack(0x0000000059ad0000,0x0000000059bd0000)]
  0x0000000057861000 JavaThread "Incoming local TCP Connector on port 51375" [_thread_in_native, id=4364, stack(0x00000000598a0000,0x00000000599a0000)]
  0x00000000561df000 JavaThread "Service Thread" daemon [_thread_blocked, id=2368, stack(0x0000000057a80000,0x0000000057b80000)]
  0x00000000561d9800 JavaThread "C1 CompilerThread1" daemon [_thread_in_vm, id=3628, stack(0x0000000056eb0000,0x0000000056fb0000)]
=>0x000000005618c000 JavaThread "C2 CompilerThread0" daemon [_thread_in_native, id=4256, stack(0x0000000057530000,0x0000000057630000)]
  0x000000005618b000 JavaThread "Attach Listener" daemon [_thread_blocked, id=4348, stack(0x00000000573e0000,0x00000000574e0000)]
  0x0000000056174800 JavaThread "Signal Dispatcher" daemon [_thread_blocked, id=380, stack(0x00000000571b0000,0x00000000572b0000)]
  0x000000005615e800 JavaThread "Finalizer" daemon [_thread_blocked, id=6756, stack(0x0000000056fb0000,0x00000000570b0000)]
  0x0000000056115000 JavaThread "Reference Handler" daemon [_thread_blocked, id=5188, stack(0x0000000056d20000,0x0000000056e20000)]
  0x0000000002450000 JavaThread "main" [_thread_blocked, id=3160, stack(0x00000000027c0000,0x00000000028c0000)]

Other Threads:
  0x000000005610c800 VMThread [stack: 0x0000000056b50000,0x0000000056c50000] [id=5732]
  0x0000000057660000 WatcherThread [stack: 0x0000000057c70000,0x0000000057d70000] [id=4372]

VM state:not at safepoint (normal execution)

VM Mutex/Monitor currently owned by a thread: None

Heap:
 PSYoungGen      total 469504K, used 264134K [0x00000000e0000000, 0x00000000ff200000, 0x0000000100000000)
  eden space 440320K, 55% used [0x00000000e0000000,0x00000000eed62410,0x00000000fae00000)
  from space 29184K, 72% used [0x00000000fcc80000,0x00000000fe10f740,0x00000000fe900000)
  to   space 31232K, 0% used [0x00000000fae00000,0x00000000fae00000,0x00000000fcc80000)
 ParOldGen       total 109056K, used 84103K [0x00000000a0000000, 0x00000000a6a80000, 0x00000000e0000000)
  object space 109056K, 77% used [0x00000000a0000000,0x00000000a5221cc8,0x00000000a6a80000)
 Metaspace       used 90623K, capacity 96868K, committed 97112K, reserved 1132544K
  class space    used 11500K, capacity 13180K, committed 13184K, reserved 1048576K

Card table byte_map: [0x0000000011c80000,0x0000000011f90000] byte_map_base: 0x0000000011780000

Marking Bits: (ParMarkBitMap*) 0x0000000067f83950
 Begin Bits: [0x00000000124e0000, 0x0000000013ce0000)
 End Bits:   [0x0000000013ce0000, 0x00000000154e0000)

Polling page: 0x0000000000240000

CodeCache: size=245760Kb used=57458Kb max_used=57458Kb free=188301Kb
 bounds [0x00000000028c0000, 0x0000000006120000, 0x00000000118c0000]
 total_blobs=17472 nmethods=16506 adapters=878
 compilation: enabled

Compilation events (10 events):
Event: 4455.461 Thread 0x00000000561d9800 20651       2       com.android.dx.ssa.ConstCollector$1::compare (42 bytes)
Event: 4455.462 Thread 0x00000000561d9800 nmethod 20651 0x00000000061178d0 code [0x0000000006117a80, 0x0000000006117e18]
Event: 4455.482 Thread 0x00000000561d9800 20652       2       com.android.dx.dex.code.RopTranslator::access$000 (5 bytes)
Event: 4455.483 Thread 0x00000000561d9800 nmethod 20652 0x0000000006118190 code [0x0000000006118300, 0x0000000006118448]
Event: 4455.483 Thread 0x00000000561d9800 20653       2       com.android.dx.dex.code.RopTranslator::getRegs (9 bytes)
Event: 4455.483 Thread 0x00000000561d9800 nmethod 20653 0x0000000006118510 code [0x0000000006118680, 0x00000000061187c8]
Event: 4455.497 Thread 0x00000000561d9800 20654 %     3       com.android.dx.dex.code.OutputFinisher::addConstants @ 88 (134 bytes)
Event: 4455.500 Thread 0x00000000561d9800 nmethod 20654% 0x0000000006118890 code [0x0000000006118b20, 0x000000000611a158]
Event: 4455.500 Thread 0x00000000561d9800 20655       3       com.android.dx.dex.code.OutputFinisher::addConstants (134 bytes)
Event: 4455.503 Thread 0x00000000561d9800 nmethod 20655 0x000000000611a850 code [0x000000000611aae0, 0x000000000611c058]

GC Heap History (10 events):
Event: 3384.254 GC heap before
{Heap before GC invocations=24 (full 4):
 PSYoungGen      total 344064K, used 11437K [0x00000000e0000000, 0x00000000f6e00000, 0x0000000100000000)
  eden space 328704K, 0% used [0x00000000e0000000,0x00000000e0000000,0x00000000f4100000)
  from space 15360K, 74% used [0x00000000f5f00000,0x00000000f6a2b668,0x00000000f6e00000)
  to   space 23040K, 0% used [0x00000000f4100000,0x00000000f4100000,0x00000000f5780000)
 ParOldGen       total 59904K, used 54983K [0x00000000a0000000, 0x00000000a3a80000, 0x00000000e0000000)
  object space 59904K, 91% used [0x00000000a0000000,0x00000000a35b1fa8,0x00000000a3a80000)
 Metaspace       used 71501K, capacity 76020K, committed 76120K, reserved 1114112K
  class space    used 9339K, capacity 10580K, committed 10624K, reserved 1048576K
Event: 3386.920 GC heap after
Heap after GC invocations=24 (full 4):
 PSYoungGen      total 344064K, used 0K [0x00000000e0000000, 0x00000000f6e00000, 0x0000000100000000)
  eden space 328704K, 0% used [0x00000000e0000000,0x00000000e0000000,0x00000000f4100000)
  from space 15360K, 0% used [0x00000000f5f00000,0x00000000f5f00000,0x00000000f6e00000)
  to   space 23040K, 0% used [0x00000000f4100000,0x00000000f4100000,0x00000000f5780000)
 ParOldGen       total 109056K, used 55960K [0x00000000a0000000, 0x00000000a6a80000, 0x00000000e0000000)
  object space 109056K, 51% used [0x00000000a0000000,0x00000000a36a6058,0x00000000a6a80000)
 Metaspace       used 71333K, capacity 75704K, committed 76120K, reserved 1114112K
  class space    used 9308K, capacity 10531K, committed 10624K, reserved 1048576K
}
Event: 3458.172 GC heap before
{Heap before GC invocations=25 (full 4):
 PSYoungGen      total 344064K, used 328704K [0x00000000e0000000, 0x00000000f6e00000, 0x0000000100000000)
  eden space 328704K, 100% used [0x00000000e0000000,0x00000000f4100000,0x00000000f4100000)
  from space 15360K, 0% used [0x00000000f5f00000,0x00000000f5f00000,0x00000000f6e00000)
  to   space 23040K, 0% used [0x00000000f4100000,0x00000000f4100000,0x00000000f5780000)
 ParOldGen       total 109056K, used 55960K [0x00000000a0000000, 0x00000000a6a80000, 0x00000000e0000000)
  object space 109056K, 51% used [0x00000000a0000000,0x00000000a36a6058,0x00000000a6a80000)
 Metaspace       used 77348K, capacity 82142K, committed 82264K, reserved 1120256K
  class space    used 10015K, capacity 11362K, committed 11392K, reserved 1048576K
Event: 3458.300 GC heap after
Heap after GC invocations=25 (full 4):
 PSYoungGen      total 351744K, used 9644K [0x00000000e0000000, 0x00000000faa00000, 0x0000000100000000)
  eden space 328704K, 0% used [0x00000000e0000000,0x00000000e0000000,0x00000000f4100000)
  from space 23040K, 41% used [0x00000000f4100000,0x00000000f4a6b1f8,0x00000000f5780000)
  to   space 22016K, 0% used [0x00000000f9480000,0x00000000f9480000,0x00000000faa00000)
 ParOldGen       total 109056K, used 55968K [0x00000000a0000000, 0x00000000a6a80000, 0x00000000e0000000)
  object space 109056K, 51% used [0x00000000a0000000,0x00000000a36a8058,0x00000000a6a80000)
 Metaspace       used 77348K, capacity 82142K, committed 82264K, reserved 1120256K
  class space    used 10015K, capacity 11362K, committed 11392K, reserved 1048576K
}
Event: 3862.973 GC heap before
{Heap before GC invocations=26 (full 4):
 PSYoungGen      total 351744K, used 338348K [0x00000000e0000000, 0x00000000faa00000, 0x0000000100000000)
  eden space 328704K, 100% used [0x00000000e0000000,0x00000000f4100000,0x00000000f4100000)
  from space 23040K, 41% used [0x00000000f4100000,0x00000000f4a6b1f8,0x00000000f5780000)
  to   space 22016K, 0% used [0x00000000f9480000,0x00000000f9480000,0x00000000faa00000)
 ParOldGen       total 109056K, used 55968K [0x00000000a0000000, 0x00000000a6a80000, 0x00000000e0000000)
  object space 109056K, 51% used [0x00000000a0000000,0x00000000a36a8058,0x00000000a6a80000)
 Metaspace       used 79721K, capacity 85318K, committed 85464K, reserved 1122304K
  class space    used 10403K, capacity 11993K, committed 12032K, reserved 1048576K
Event: 3864.235 GC heap after
Heap after GC invocations=26 (full 4):
 PSYoungGen      total 398848K, used 9264K [0x00000000e0000000, 0x00000000fa180000, 0x0000000100000000)
  eden space 385536K, 0% used [0x00000000e0000000,0x00000000e0000000,0x00000000f7880000)
  from space 13312K, 69% used [0x00000000f9480000,0x00000000f9d8c058,0x00000000fa180000)
  to   space 20992K, 0% used [0x00000000f7880000,0x00000000f7880000,0x00000000f8d00000)
 ParOldGen       total 109056K, used 60811K [0x00000000a0000000, 0x00000000a6a80000, 0x00000000e0000000)
  object space 109056K, 55% used [0x00000000a0000000,0x00000000a3b62fa8,0x00000000a6a80000)
 Metaspace       used 79721K, capacity 85318K, committed 85464K, reserved 1122304K
  class space    used 10403K, capacity 11993K, committed 12032K, reserved 1048576K
}
Event: 4402.595 GC heap before
{Heap before GC invocations=27 (full 4):
 PSYoungGen      total 398848K, used 394800K [0x00000000e0000000, 0x00000000fa180000, 0x0000000100000000)
  eden space 385536K, 100% used [0x00000000e0000000,0x00000000f7880000,0x00000000f7880000)
  from space 13312K, 69% used [0x00000000f9480000,0x00000000f9d8c058,0x00000000fa180000)
  to   space 20992K, 0% used [0x00000000f7880000,0x00000000f7880000,0x00000000f8d00000)
 ParOldGen       total 109056K, used 60811K [0x00000000a0000000, 0x00000000a6a80000, 0x00000000e0000000)
  object space 109056K, 55% used [0x00000000a0000000,0x00000000a3b62fa8,0x00000000a6a80000)
 Metaspace       used 80833K, capacity 86772K, committed 87000K, reserved 1124352K
  class space    used 10517K, capacity 12184K, committed 12288K, reserved 1048576K
Event: 4402.758 GC heap after
Heap after GC invocations=27 (full 4):
 PSYoungGen      total 406528K, used 20981K [0x00000000e0000000, 0x00000000fe900000, 0x0000000100000000)
  eden space 385536K, 0% used [0x00000000e0000000,0x00000000e0000000,0x00000000f7880000)
  from space 20992K, 99% used [0x00000000f7880000,0x00000000f8cfd5b8,0x00000000f8d00000)
  to   space 29184K, 0% used [0x00000000fcc80000,0x00000000fcc80000,0x00000000fe900000)
 ParOldGen       total 109056K, used 75385K [0x00000000a0000000, 0x00000000a6a80000, 0x00000000e0000000)
  object space 109056K, 69% used [0x00000000a0000000,0x00000000a499e5d0,0x00000000a6a80000)
 Metaspace       used 80833K, capacity 86772K, committed 87000K, reserved 1124352K
  class space    used 10517K, capacity 12184K, committed 12288K, reserved 1048576K
}
Event: 4448.616 GC heap before
{Heap before GC invocations=28 (full 4):
 PSYoungGen      total 406528K, used 406517K [0x00000000e0000000, 0x00000000fe900000, 0x0000000100000000)
  eden space 385536K, 100% used [0x00000000e0000000,0x00000000f7880000,0x00000000f7880000)
  from space 20992K, 99% used [0x00000000f7880000,0x00000000f8cfd5b8,0x00000000f8d00000)
  to   space 29184K, 0% used [0x00000000fcc80000,0x00000000fcc80000,0x00000000fe900000)
 ParOldGen       total 109056K, used 75385K [0x00000000a0000000, 0x00000000a6a80000, 0x00000000e0000000)
  object space 109056K, 69% used [0x00000000a0000000,0x00000000a499e5d0,0x00000000a6a80000)
 Metaspace       used 90455K, capacity 96604K, committed 96856K, reserved 1132544K
  class space    used 11500K, capacity 13180K, committed 13184K, reserved 1048576K
Event: 4449.173 GC heap after
Heap after GC invocations=28 (full 4):
 PSYoungGen      total 469504K, used 21053K [0x00000000e0000000, 0x00000000ff200000, 0x0000000100000000)
  eden space 440320K, 0% used [0x00000000e0000000,0x00000000e0000000,0x00000000fae00000)
  from space 29184K, 72% used [0x00000000fcc80000,0x00000000fe10f740,0x00000000fe900000)
  to   space 31232K, 0% used [0x00000000fae00000,0x00000000fae00000,0x00000000fcc80000)
 ParOldGen       total 109056K, used 84103K [0x00000000a0000000, 0x00000000a6a80000, 0x00000000e0000000)
  object space 109056K, 77% used [0x00000000a0000000,0x00000000a5221cc8,0x00000000a6a80000)
 Metaspace       used 90455K, capacity 96604K, committed 96856K, reserved 1132544K
  class space    used 11500K, capacity 13180K, committed 13184K, reserved 1048576K
}

Deoptimization events (10 events):
Event: 4451.235 Thread 0x000000005fad9800 Uncommon trap: reason=bimorphic action=maybe_recompile pc=0x0000000005fae990 method=com.android.dx.cf.code.BytecodeArray.parseInstruction(ILcom/android/dx/cf/code/BytecodeArray$Visitor;)I @ 1549
Event: 4451.301 Thread 0x000000005fad9800 Uncommon trap: reason=bimorphic action=maybe_recompile pc=0x0000000005faf7f0 method=com.android.dx.cf.code.BytecodeArray.parseInstruction(ILcom/android/dx/cf/code/BytecodeArray$Visitor;)I @ 1287
Event: 4451.301 Thread 0x000000005fad9800 Uncommon trap: reason=bimorphic action=maybe_recompile pc=0x0000000005faf7f0 method=com.android.dx.cf.code.BytecodeArray.parseInstruction(ILcom/android/dx/cf/code/BytecodeArray$Visitor;)I @ 1287
Event: 4453.406 Thread 0x000000005fad9800 Uncommon trap: reason=class_check action=maybe_recompile pc=0x0000000005b4dd14 method=com.android.apkzlib.zip.ZipField.checkVerifiesInvariants(J)V @ 25
Event: 4455.059 Thread 0x000000005fad9800 Uncommon trap: reason=class_check action=maybe_recompile pc=0x00000000060f2fbc method=com.android.dx.ssa.SCCP.simulateBranch(Lcom/android/dx/ssa/SsaInsn;)V @ 145
Event: 4455.059 Thread 0x000000005fad9800 Uncommon trap: reason=class_check action=maybe_recompile pc=0x00000000060f2fbc method=com.android.dx.ssa.SCCP.simulateBranch(Lcom/android/dx/ssa/SsaInsn;)V @ 145
Event: 4455.065 Thread 0x000000005fad9800 Uncommon trap: reason=class_check action=maybe_recompile pc=0x00000000060f2fbc method=com.android.dx.ssa.SCCP.simulateBranch(Lcom/android/dx/ssa/SsaInsn;)V @ 145
Event: 4455.082 Thread 0x000000005fad9800 Uncommon trap: reason=unstable_if action=reinterpret pc=0x0000000005f017f0 method=com.android.dx.dex.code.OutputFinisher.addConstants(Ljava/util/HashSet;Lcom/android/dx/rop/code/RegisterSpec;)V @ 32
Event: 4455.260 Thread 0x000000005fad9800 Uncommon trap: reason=class_check action=maybe_recompile pc=0x0000000005b4dd14 method=com.android.apkzlib.zip.ZipField.checkVerifiesInvariants(J)V @ 25
Event: 4455.313 Thread 0x000000005fad9800 Uncommon trap: reason=class_check action=maybe_recompile pc=0x0000000005b36bf8 method=com.android.apkzlib.zip.ZipField.checkVerifiesInvariants(J)V @ 25

Classes redefined (0 events):
No events

Internal exceptions (10 events):
Event: 4441.687 Thread 0x000000005fadb800 Exception <a 'java/lang/NoSuchMethodError': java.lang.Object.lambda$static$0(Ljava/lang/String;)Z> (0x00000000ee16db08) thrown at [D:\src\AOSP-openjdk-cygwin\jdk8u\hotspot\src\share\vm\interpreter\linkResolver.cpp, line 584]
Event: 4441.749 Thread 0x000000005fadb800 Exception <a 'sun/nio/fs/WindowsException'> (0x00000000ee1d0710) thrown at [D:\src\AOSP-openjdk-cygwin\jdk8u\hotspot\src\share\vm\prims\jni.cpp, line 709]
Event: 4441.937 Thread 0x000000005fad9800 Exception <a 'sun/nio/fs/WindowsException'> (0x00000000ee501dd8) thrown at [D:\src\AOSP-openjdk-cygwin\jdk8u\hotspot\src\share\vm\prims\jni.cpp, line 709]
Event: 4444.666 Thread 0x000000005fad9800 Implicit null exception at 0x0000000005d56e52 to 0x0000000005d56f01
Event: 4445.459 Thread 0x000000005fad9800 Implicit null exception at 0x0000000005d37055 to 0x0000000005d396a1
Event: 4448.501 Thread 0x000000005fad9800 Exception <a 'sun/nio/fs/WindowsException'> (0x00000000f71d3c80) thrown at [D:\src\AOSP-openjdk-cygwin\jdk8u\hotspot\src\share\vm\prims\jni.cpp, line 709]
Event: 4450.513 Thread 0x000000005fad9800 Exception <a 'sun/nio/fs/WindowsException'> (0x00000000e33dcfa0) thrown at [D:\src\AOSP-openjdk-cygwin\jdk8u\hotspot\src\share\vm\prims\jni.cpp, line 709]
Event: 4453.448 Thread 0x000000005fad9800 Exception <a 'sun/nio/fs/WindowsException'> (0x00000000e939f8b8) thrown at [D:\src\AOSP-openjdk-cygwin\jdk8u\hotspot\src\share\vm\prims\jni.cpp, line 709]
Event: 4455.265 Thread 0x000000005fad9800 Exception <a 'sun/nio/fs/WindowsException'> (0x00000000ede3b920) thrown at [D:\src\AOSP-openjdk-cygwin\jdk8u\hotspot\src\share\vm\prims\jni.cpp, line 709]
Event: 4455.325 Thread 0x000000005fad9800 Exception <a 'sun/nio/fs/WindowsException'> (0x00000000ee1329e8) thrown at [D:\src\AOSP-openjdk-cygwin\jdk8u\hotspot\src\share\vm\prims\jni.cpp, line 709]

Events (10 events):
Event: 4455.082 Thread 0x000000005fad9800 DEOPT PACKING pc=0x0000000005f017f0 sp=0x0000000062aaea00
Event: 4455.082 Thread 0x000000005fad9800 DEOPT UNPACKING pc=0x000000000290556a sp=0x0000000062aae958 mode 2
Event: 4455.260 Thread 0x000000005fad9800 Uncommon trap: trap_request=0xffffffde fr.pc=0x0000000005b4dd14
Event: 4455.260 Thread 0x000000005fad9800 DEOPT PACKING pc=0x0000000005b4dd14 sp=0x0000000062aaec50
Event: 4455.260 Thread 0x000000005fad9800 DEOPT UNPACKING pc=0x000000000290556a sp=0x0000000062aaeba0 mode 2
Event: 4455.313 Thread 0x000000005fad9800 Uncommon trap: trap_request=0xffffffde fr.pc=0x0000000005b36bf8
Event: 4455.313 Thread 0x000000005fad9800 DEOPT PACKING pc=0x0000000005b36bf8 sp=0x0000000062aaebb0
Event: 4455.313 Thread 0x000000005fad9800 DEOPT UNPACKING pc=0x000000000290556a sp=0x0000000062aaeb50 mode 2
Event: 4455.503 Thread 0x000000005fad9800 DEOPT PACKING pc=0x0000000006102f22 sp=0x0000000062aaea00
Event: 4455.503 Thread 0x000000005fad9800 DEOPT UNPACKING pc=0x00000000029071bf sp=0x0000000062aae758 mode 0


Dynamic libraries:
0x000000013fb30000 - 0x000000013fb61000 	C:\Program Files\Android\Android Studio\jre\bin\java.exe
0x00000000772e0000 - 0x000000007748a000 	C:\windows\SYSTEM32\ntdll.dll
0x0000000077080000 - 0x000000007719f000 	C:\windows\system32\kernel32.dll
0x000007fefd320000 - 0x000007fefd38a000 	C:\windows\system32\KERNELBASE.dll
0x000007feff410000 - 0x000007feff4eb000 	C:\windows\system32\ADVAPI32.dll
0x000007fefe620000 - 0x000007fefe6bf000 	C:\windows\system32\msvcrt.dll
0x000007fefe880000 - 0x000007fefe89f000 	C:\windows\SYSTEM32\sechost.dll
0x000007feff200000 - 0x000007feff32d000 	C:\windows\system32\RPCRT4.dll
0x0000000076f80000 - 0x000000007707a000 	C:\windows\system32\USER32.dll
0x000007fefd470000 - 0x000007fefd4d7000 	C:\windows\system32\GDI32.dll
0x000007fefe5e0000 - 0x000007fefe5ee000 	C:\windows\system32\LPK.dll
0x000007fefed10000 - 0x000007fefeddb000 	C:\windows\system32\USP10.dll
0x000007fefbbb0000 - 0x000007fefbda4000 	C:\windows\WinSxS\amd64_microsoft.windows.common-controls_6595b64144ccf1df_6.0.7601.18837_none_fa3b1e3d17594757\COMCTL32.dll
0x000007feff390000 - 0x000007feff401000 	C:\windows\system32\SHLWAPI.dll
0x000007fefe5f0000 - 0x000007fefe61e000 	C:\windows\system32\IMM32.DLL
0x000007fefebe0000 - 0x000007fefece9000 	C:\windows\system32\MSCTF.dll
0x000000006b6e0000 - 0x000000006b7b2000 	C:\Program Files\Android\Android Studio\jre\jre\bin\msvcr100.dll
0x00000000677c0000 - 0x0000000067ffe000 	C:\Program Files\Android\Android Studio\jre\jre\bin\server\jvm.dll
0x000007fefa910000 - 0x000007fefa919000 	C:\windows\system32\WSOCK32.dll
0x000007fefef50000 - 0x000007fefef9d000 	C:\windows\system32\WS2_32.dll
0x000007fefee60000 - 0x000007fefee68000 	C:\windows\system32\NSI.dll
0x000007fefd070000 - 0x000007fefd0ab000 	C:\windows\system32\WINMM.dll
0x000007fefc0f0000 - 0x000007fefc0fc000 	C:\windows\system32\VERSION.dll
0x00000000774b0000 - 0x00000000774b7000 	C:\windows\system32\PSAPI.DLL
0x000007fefbba0000 - 0x000007fefbbaf000 	C:\Program Files\Android\Android Studio\jre\jre\bin\verify.dll
0x000007feeaf60000 - 0x000007feeaf89000 	C:\Program Files\Android\Android Studio\jre\jre\bin\java.dll
0x000007fefbb80000 - 0x000007fefbb96000 	C:\Program Files\Android\Android Studio\jre\jre\bin\zip.dll
0x000007fefd670000 - 0x000007fefe3fa000 	C:\windows\system32\SHELL32.dll
0x000007fefe8a0000 - 0x000007fefea9c000 	C:\windows\system32\ole32.dll
0x000007fefcfc0000 - 0x000007fefcfcf000 	C:\windows\system32\profapi.dll
0x000007feeac40000 - 0x000007feeac5a000 	C:\Program Files\Android\Android Studio\jre\jre\bin\net.dll
0x000007fefc800000 - 0x000007fefc855000 	C:\windows\system32\mswsock.dll
0x000007fefc7f0000 - 0x000007fefc7f7000 	C:\windows\System32\wship6.dll
0x000007feea970000 - 0x000007feea981000 	C:\Program Files\Android\Android Studio\jre\jre\bin\nio.dll
0x000007fefb1c0000 - 0x000007fefb1de000 	C:\Users\Administrator\.gradle\native\25\windows-amd64\native-platform.dll
0x000007fef8910000 - 0x000007fef891d000 	C:\Program Files\Android\Android Studio\jre\jre\bin\management.dll
0x000007fefc860000 - 0x000007fefc877000 	C:\windows\system32\CRYPTSP.dll
0x000007fefc560000 - 0x000007fefc5a7000 	C:\windows\system32\rsaenh.dll
0x000007fefc2d0000 - 0x000007fefc2ee000 	C:\windows\system32\USERENV.dll
0x000007fefcef0000 - 0x000007fefceff000 	C:\windows\system32\CRYPTBASE.dll
0x000007fefa8d0000 - 0x000007fefa8f7000 	C:\windows\system32\IPHLPAPI.DLL
0x000007fefa8c0000 - 0x000007fefa8cb000 	C:\windows\system32\WINNSI.DLL
0x000007fefa740000 - 0x000007fefa751000 	C:\windows\system32\dhcpcsvc6.DLL
0x000007fefa6c0000 - 0x000007fefa6d8000 	C:\windows\system32\dhcpcsvc.DLL
0x000007feea6e0000 - 0x000007feea704000 	C:\Program Files\Android\Android Studio\jre\jre\bin\sunec.dll
0x000007fefc1c0000 - 0x000007fefc1c7000 	C:\windows\System32\wshtcpip.dll
0x000007fefc680000 - 0x000007fefc6db000 	C:\windows\system32\DNSAPI.dll
0x000007fef8900000 - 0x000007fef8908000 	C:\windows\system32\rasadhlp.dll
0x000007fefa770000 - 0x000007fefa7c3000 	C:\windows\System32\fwpuclnt.dll
0x000007fef56c0000 - 0x000007fef56cb000 	C:\Program Files\Android\Android Studio\jre\jre\bin\sunmscapi.dll
0x000007fefd150000 - 0x000007fefd2bd000 	C:\windows\system32\CRYPT32.dll
0x000007fefd060000 - 0x000007fefd06f000 	C:\windows\system32\MSASN1.dll
0x000007fedc880000 - 0x000007fedca15000 	C:\Program Files\Android\Android Studio\jre\jre\bin\awt.dll
0x000007fefee70000 - 0x000007fefef4a000 	C:\windows\system32\OLEAUT32.dll
0x000007feecd50000 - 0x000007feece32000 	C:\windows\system32\d2d1.dll
0x000007fefd2c0000 - 0x000007fefd2d8000 	C:\windows\system32\DWMAPI.DLL
0x000007fefce90000 - 0x000007fefcee7000 	C:\windows\system32\apphelp.dll

VM Arguments:
jvm_args: -Xmx1536m -Dfile.encoding=GBK -Duser.country=CN -Duser.language=zh -Duser.variant 
java_command: org.gradle.launcher.daemon.bootstrap.GradleDaemon 4.1
java_class_path (initial): C:\Users\Administrator\.gradle\wrapper\dists\gradle-4.1-all\bzyivzo6n839fup2jbap0tjew\gradle-4.1\lib\gradle-launcher-4.1.jar
Launcher Type: SUN_STANDARD

Environment Variables:
JAVA_HOME=C:\Program Files\Java\jdk1.8.0_121
PATH=C:\Program Files (x86)\AMD APP\bin\x86_64;C:\Program Files (x86)\AMD APP\bin\x86;C:\ProgramData\Oracle\Java\javapath;C:\windows\system32;C:\windows;C:\windows\System32\Wbem;C:\windows\System32\WindowsPowerShell\v1.0\;C:\Program Files\Java\jdk1.8.0_121\bin;D:\Project\web_project\apache-tomcat-6.0.51\bin;C:\Program Files (x86)\GtkSharp\2.12\bin;C:\Program Files (x86)\ATI Technologies\ATI.ACE\Core-Static;C:\Program Files\MySQL\MySQL Utilities 1.6\;D:\Project\web_project\0803_pay_forum\php-5.6.31-Win32-VC11-x86;C:\Program Files\PuTTY\;;C:\Program Files (x86)\Microsoft VS Code\bin
USERNAME=Administrator
OS=Windows_NT
PROCESSOR_IDENTIFIER=Intel64 Family 6 Model 15 Stepping 13, GenuineIntel



---------------  S Y S T E M  ---------------

OS: Windows 7 , 64 bit Build 7601 (6.1.7601.23915)

CPU:total 2 (initial active 2) (2 cores per cpu, 1 threads per core) family 6 model 15 stepping 13, cmov, cx8, fxsr, mmx, sse, sse2, sse3, ssse3, tsc

Memory: 4k page, physical 4193464k(147256k free), swap 5240180k(5948k free)

vm_info: OpenJDK 64-Bit Server VM (25.152-b01) for windows-amd64 JRE (1.8.0_152-release-915-b01), built by "builder" with MS VC++ 10.0 (VS2010)

time: Mon Dec 04 23:09:04 2017
elapsed time: 4455 seconds (0d 1h 14m 15s)

